1668074988226	geckodriver	INFO	Listening on 127.0.0.1:61245
1668074991316	mozrunner::runner	INFO	Running command: "C:\\Program Files (x86)\\Mozilla Firefox\\firefox.exe" "--marionette" "--remote-debugging-port" "61246" "--remote-allow-hosts" "localhost" "-no-remote" "-profile" "C:\\Users\\Luv\\AppData\\Local\\Temp\\rust_mozprofileJWwpZH"
1668074992215	Marionette	INFO	Marionette enabled
1668074992229	Marionette	INFO	Listening on port 61255
Read port: 61255
WebDriver BiDi listening on ws://127.0.0.1:61246
1668074992415	RemoteAgent	WARN	TLS certificate errors will be ignored for this session
console.warn: SearchSettings: "get: No settings file exists, new profile?" (new NotFoundError("Could not open the file at C:\\Users\\Luv\\AppData\\Local\\Temp\\rust_mozprofileJWwpZH\\search.json.mozlz4", (void 0)))
DevTools listening on ws://127.0.0.1:61246/devtools/browser/93371997-2e0e-47a6-8d5c-97f2f34d870c
JavaScript warning: https://www.amazon.com/s?k=gpu&ref=nb_sb_noss_1 line 8723 > injectedScript, line 1: WEBGL_debug_renderer_info is deprecated in Firefox and will be removed. Please use RENDERER.
JavaScript warning: https://www.amazon.com/s?k=gpu&ref=nb_sb_noss_1 line 8720 > injectedScript, line 1: WEBGL_debug_renderer_info is deprecated in Firefox and will be removed. Please use RENDERER.
JavaScript error: , line 0: TypeError: NetworkError when attempting to fetch resource.
JavaScript warning: https://www.amazon.com/s?k=gpu&ref=nb_sb_noss_1&page3 line 8720 > injectedScript, line 1: WEBGL_debug_renderer_info is deprecated in Firefox and will be removed. Please use RENDERER.
JavaScript warning: https://www.amazon.com/s?k=gpu&ref=nb_sb_noss_1&page4 line 8720 > injectedScript, line 1: WEBGL_debug_renderer_info is deprecated in Firefox and will be removed. Please use RENDERER.
JavaScript warning: https://www.amazon.com/s?k=gpu&ref=nb_sb_noss_1&page5 line 8720 > injectedScript, line 1: WEBGL_debug_renderer_info is deprecated in Firefox and will be removed. Please use RENDERER.
JavaScript warning: https://www.amazon.com/s?k=gpu&ref=nb_sb_noss_1&page6 line 8720 > injectedScript, line 1: WEBGL_debug_renderer_info is deprecated in Firefox and will be removed. Please use RENDERER.
JavaScript warning: https://www.amazon.com/s?k=gpu&ref=nb_sb_noss_1&page7 line 8638 > injectedScript, line 1: WEBGL_debug_renderer_info is deprecated in Firefox and will be removed. Please use RENDERER.
JavaScript warning: https://www.amazon.com/s?k=gpu&ref=nb_sb_noss_1&page8 line 8720 > injectedScript, line 1: WEBGL_debug_renderer_info is deprecated in Firefox and will be removed. Please use RENDERER.
JavaScript warning: https://www.amazon.com/s?k=gpu&ref=nb_sb_noss_1&page9 line 8732 > injectedScript, line 1: WEBGL_debug_renderer_info is deprecated in Firefox and will be removed. Please use RENDERER.
JavaScript warning: https://www.amazon.com/s?k=gpu&ref=nb_sb_noss_1&page10 line 8638 > injectedScript, line 1: WEBGL_debug_renderer_info is deprecated in Firefox and will be removed. Please use RENDERER.
1668075021065	Marionette	INFO	Stopped listening on port 61255
console.error: services.settings: 
  main/query-stripping Signature failed  TypeError: NetworkError: Network request failed
console.error: services.settings: 
  main/quicksuggest Signature failed  TypeError: NetworkError: Network request failed
[Parent 24740, IPC I/O Parent] WARNING: file /builds/worker/checkouts/gecko/ipc/chromium/src/base/process_util_win.cc:167
1668075052006	geckodriver	INFO	Listening on 127.0.0.1:61824
1668075055086	mozrunner::runner	INFO	Running command: "C:\\Program Files (x86)\\Mozilla Firefox\\firefox.exe" "--marionette" "--remote-debugging-port" "61825" "--remote-allow-hosts" "localhost" "-no-remote" "-profile" "C:\\Users\\Luv\\AppData\\Local\\Temp\\rust_mozprofile42SHa1"
1668075055487	Marionette	INFO	Marionette enabled
1668075055493	Marionette	INFO	Listening on port 61834
Read port: 61834
WebDriver BiDi listening on ws://127.0.0.1:61825
1668075055609	RemoteAgent	WARN	TLS certificate errors will be ignored for this session
1668075073258	geckodriver	INFO	Listening on 127.0.0.1:61854
1668075076321	mozrunner::runner	INFO	Running command: "C:\\Program Files (x86)\\Mozilla Firefox\\firefox.exe" "--marionette" "--remote-debugging-port" "61855" "--remote-allow-hosts" "localhost" "-no-remote" "-profile" "C:\\Users\\Luv\\AppData\\Local\\Temp\\rust_mozprofileqFvaXO"
1668075076738	Marionette	INFO	Marionette enabled
1668075076746	Marionette	INFO	Listening on port 61864
Read port: 61864
WebDriver BiDi listening on ws://127.0.0.1:61855
1668075076877	RemoteAgent	WARN	TLS certificate errors will be ignored for this session
console.warn: SearchSettings: "get: No settings file exists, new profile?" (new NotFoundError("Could not open the file at C:\\Users\\Luv\\AppData\\Local\\Temp\\rust_mozprofileqFvaXO\\search.json.mozlz4", (void 0)))
DevTools listening on ws://127.0.0.1:61855/devtools/browser/1c0b9b89-534d-437d-8538-15aaff790288
JavaScript warning: https://www.amazon.com/s?k=gpu&ref=nb_sb_noss_1 line 7 > injectedScript, line 1: WEBGL_debug_renderer_info is deprecated in Firefox and will be removed. Please use RENDERER.
JavaScript error: , line 0: TypeError: NetworkError when attempting to fetch resource.
JavaScript error: , line 0: TypeError: NetworkError when attempting to fetch resource.
JavaScript warning: https://www.amazon.com/s?k=gpu&ref=nb_sb_noss_1 line 7 > injectedScript, line 1: WEBGL_debug_renderer_info is deprecated in Firefox and will be removed. Please use RENDERER.
JavaScript warning: https://www.amazon.com/s?k=gpu&ref=nb_sb_noss_1 line 7 > injectedScript, line 1: WEBGL_debug_renderer_info is deprecated in Firefox and will be removed. Please use RENDERER.
JavaScript error: , line 0: TypeError: NetworkError when attempting to fetch resource.
JavaScript error: , line 0: TypeError: NetworkError when attempting to fetch resource.
JavaScript error: , line 0: TypeError: NetworkError when attempting to fetch resource.
JavaScript warning: https://www.amazon.com/s?k=gpu&ref=nb_sb_noss_1 line 7 > injectedScript, line 1: WEBGL_debug_renderer_info is deprecated in Firefox and will be removed. Please use RENDERER.
JavaScript warning: https://www.amazon.com/s?k=gpu&ref=nb_sb_noss_1 line 7 > injectedScript, line 1: WEBGL_debug_renderer_info is deprecated in Firefox and will be removed. Please use RENDERER.
JavaScript warning: https://www.amazon.com/s?k=gpu&ref=nb_sb_noss_1 line 7 > injectedScript, line 1: WEBGL_debug_renderer_info is deprecated in Firefox and will be removed. Please use RENDERER.
JavaScript warning: https://www.amazon.com/s?k=gpu&ref=nb_sb_noss_1 line 7 > injectedScript, line 1: WEBGL_debug_renderer_info is deprecated in Firefox and will be removed. Please use RENDERER.
JavaScript warning: https://www.amazon.com/s?k=gpu&ref=nb_sb_noss_1 line 7 > injectedScript, line 1: WEBGL_debug_renderer_info is deprecated in Firefox and will be removed. Please use RENDERER.
JavaScript warning: https://www.amazon.com/s?k=gpu&ref=nb_sb_noss_1 line 7 > injectedScript, line 1: WEBGL_debug_renderer_info is deprecated in Firefox and will be removed. Please use RENDERER.
JavaScript warning: https://www.amazon.com/s?k=gpu&ref=nb_sb_noss_1 line 7 > injectedScript, line 1: WEBGL_debug_renderer_info is deprecated in Firefox and will be removed. Please use RENDERER.
1668075106313	Marionette	INFO	Stopped listening on port 61864
JavaScript error: resource://services-settings/RemoteSettingsWorker.jsm, line 145: Error: Shutdown, aborting read-only worker requests.
[Parent 13112, IPC I/O Parent] WARNING: file /builds/worker/checkouts/gecko/ipc/chromium/src/base/process_util_win.cc:167
1668075409376	geckodriver	INFO	Listening on 127.0.0.1:62622
1668075412401	mozrunner::runner	INFO	Running command: "C:\\Program Files (x86)\\Mozilla Firefox\\firefox.exe" "--marionette" "--remote-debugging-port" "62623" "--remote-allow-hosts" "localhost" "-no-remote" "-profile" "C:\\Users\\Luv\\AppData\\Local\\Temp\\rust_mozprofileCc5nga"
1668075412804	Marionette	INFO	Marionette enabled
1668075412810	Marionette	INFO	Listening on port 62633
Read port: 62633
WebDriver BiDi listening on ws://127.0.0.1:62623
1668075412926	RemoteAgent	WARN	TLS certificate errors will be ignored for this session
console.warn: SearchSettings: "get: No settings file exists, new profile?" (new NotFoundError("Could not open the file at C:\\Users\\Luv\\AppData\\Local\\Temp\\rust_mozprofileCc5nga\\search.json.mozlz4", (void 0)))
DevTools listening on ws://127.0.0.1:62623/devtools/browser/28484b3c-9857-4b37-a171-c7bfe7d69d5c
JavaScript warning: https://www.amazon.com/s?k=gpu&ref=nb_sb_noss_1 line 7 > injectedScript, line 1: WEBGL_debug_renderer_info is deprecated in Firefox and will be removed. Please use RENDERER.
JavaScript warning: https://www.amazon.com/s?k=gpu&ref=nb_sb_noss_1 line 7 > injectedScript, line 1: WEBGL_debug_renderer_info is deprecated in Firefox and will be removed. Please use RENDERER.
JavaScript warning: https://www.amazon.com/s?k=gpu&ref=nb_sb_noss_1 line 7 > injectedScript, line 1: WEBGL_debug_renderer_info is deprecated in Firefox and will be removed. Please use RENDERER.
JavaScript error: , line 0: TypeError: NetworkError when attempting to fetch resource.
JavaScript error: , line 0: TypeError: NetworkError when attempting to fetch resource.
JavaScript warning: https://www.amazon.com/s?k=gpu&ref=nb_sb_noss_1 line 7 > injectedScript, line 1: WEBGL_debug_renderer_info is deprecated in Firefox and will be removed. Please use RENDERER.
JavaScript error: , line 0: TypeError: NetworkError when attempting to fetch resource.
JavaScript warning: https://www.amazon.com/s?k=gpu&ref=nb_sb_noss_1 line 7 > injectedScript, line 1: WEBGL_debug_renderer_info is deprecated in Firefox and will be removed. Please use RENDERER.
JavaScript warning: https://www.amazon.com/s?k=gpu&ref=nb_sb_noss_1 line 7 > injectedScript, line 1: WEBGL_debug_renderer_info is deprecated in Firefox and will be removed. Please use RENDERER.
JavaScript warning: https://www.amazon.com/s?k=gpu&ref=nb_sb_noss_1 line 7 > injectedScript, line 1: WEBGL_debug_renderer_info is deprecated in Firefox and will be removed. Please use RENDERER.
JavaScript warning: https://www.amazon.com/s?k=gpu&ref=nb_sb_noss_1 line 7 > injectedScript, line 1: WEBGL_debug_renderer_info is deprecated in Firefox and will be removed. Please use RENDERER.
JavaScript warning: https://www.amazon.com/s?k=gpu&ref=nb_sb_noss_1 line 7 > injectedScript, line 1: WEBGL_debug_renderer_info is deprecated in Firefox and will be removed. Please use RENDERER.
JavaScript warning: https://www.amazon.com/s?k=gpu&ref=nb_sb_noss_1 line 7 > injectedScript, line 1: WEBGL_debug_renderer_info is deprecated in Firefox and will be removed. Please use RENDERER.
1668075442304	Marionette	INFO	Stopped listening on port 62633
JavaScript error: resource://services-settings/Utils.jsm, line 239: TypeError: NetworkError: Network request failed
1668075512980	geckodriver	INFO	Listening on 127.0.0.1:63264
1668075516015	mozrunner::runner	INFO	Running command: "C:\\Program Files (x86)\\Mozilla Firefox\\firefox.exe" "--marionette" "--remote-debugging-port" "63265" "--remote-allow-hosts" "localhost" "-no-remote" "-profile" "C:\\Users\\Luv\\AppData\\Local\\Temp\\rust_mozprofileFpnvNo"
1668075516474	Marionette	INFO	Marionette enabled
1668075516479	Marionette	INFO	Listening on port 63274
WebDriver BiDi listening on ws://127.0.0.1:63265
Read port: 63274
1668075516719	RemoteAgent	WARN	TLS certificate errors will be ignored for this session
console.warn: SearchSettings: "get: No settings file exists, new profile?" (new NotFoundError("Could not open the file at C:\\Users\\Luv\\AppData\\Local\\Temp\\rust_mozprofileFpnvNo\\search.json.mozlz4", (void 0)))
DevTools listening on ws://127.0.0.1:63265/devtools/browser/0665298d-646f-4c29-af5a-0ba0c4a96e92
JavaScript warning: https://www.amazon.com/s?k=gpu&ref=nb_sb_noss_1 line 8698 > injectedScript, line 1: WEBGL_debug_renderer_info is deprecated in Firefox and will be removed. Please use RENDERER.
JavaScript error: , line 0: TypeError: NetworkError when attempting to fetch resource.
JavaScript error: , line 0: TypeError: NetworkError when attempting to fetch resource.
JavaScript warning: https://www.amazon.com/s?k=gpu&ref=nb_sb_noss_1 line 8752 > injectedScript, line 1: WEBGL_debug_renderer_info is deprecated in Firefox and will be removed. Please use RENDERER.
JavaScript warning: https://www.amazon.com/s?k=gpu&ref=nb_sb_noss_1 line 8649 > injectedScript, line 1: WEBGL_debug_renderer_info is deprecated in Firefox and will be removed. Please use RENDERER.
JavaScript error: , line 0: TypeError: NetworkError when attempting to fetch resource.
JavaScript error: , line 0: TypeError: NetworkError when attempting to fetch resource.
JavaScript error: , line 0: TypeError: NetworkError when attempting to fetch resource.
JavaScript warning: https://www.amazon.com/s?k=gpu&ref=nb_sb_noss_1 line 8311 > injectedScript, line 1: WEBGL_debug_renderer_info is deprecated in Firefox and will be removed. Please use RENDERER.
JavaScript error: , line 0: TypeError: NetworkError when attempting to fetch resource.
JavaScript warning: https://www.amazon.com/s?k=gpu&ref=nb_sb_noss_1 line 8275 > injectedScript, line 1: WEBGL_debug_renderer_info is deprecated in Firefox and will be removed. Please use RENDERER.
JavaScript error: , line 0: TypeError: NetworkError when attempting to fetch resource.
JavaScript warning: https://www.amazon.com/s?k=gpu&ref=nb_sb_noss_1 line 8694 > injectedScript, line 1: WEBGL_debug_renderer_info is deprecated in Firefox and will be removed. Please use RENDERER.
JavaScript warning: https://www.amazon.com/s?k=gpu&ref=nb_sb_noss_1 line 8327 > injectedScript, line 1: WEBGL_debug_renderer_info is deprecated in Firefox and will be removed. Please use RENDERER.
JavaScript warning: https://www.amazon.com/s?k=gpu&ref=nb_sb_noss_1 line 8674 > injectedScript, line 1: WEBGL_debug_renderer_info is deprecated in Firefox and will be removed. Please use RENDERER.
JavaScript warning: https://www.amazon.com/s?k=gpu&ref=nb_sb_noss_1 line 8766 > injectedScript, line 1: WEBGL_debug_renderer_info is deprecated in Firefox and will be removed. Please use RENDERER.
JavaScript warning: https://www.amazon.com/s?k=gpu&ref=nb_sb_noss_1 line 8766 > injectedScript, line 1: WEBGL_debug_renderer_info is deprecated in Firefox and will be removed. Please use RENDERER.
1668075546944	Marionette	INFO	Stopped listening on port 63274
console.warn: services.settings: main/quicksuggest sync interrupted by shutdown
1668075561883	geckodriver	INFO	Listening on 127.0.0.1:63861
1668075564936	mozrunner::runner	INFO	Running command: "C:\\Program Files (x86)\\Mozilla Firefox\\firefox.exe" "--marionette" "--remote-debugging-port" "63862" "--remote-allow-hosts" "localhost" "-no-remote" "-profile" "C:\\Users\\Luv\\AppData\\Local\\Temp\\rust_mozprofileaUP5yA"
1668075565355	Marionette	INFO	Marionette enabled
1668075565361	Marionette	INFO	Listening on port 63871
Read port: 63871
WebDriver BiDi listening on ws://127.0.0.1:63862
1668075565489	RemoteAgent	WARN	TLS certificate errors will be ignored for this session
