1668014107352	geckodriver	INFO	Listening on 127.0.0.1:51028
1668014110414	mozrunner::runner	INFO	Running command: "C:/Program Files/Mozilla Firefox/firefox.exe" "--marionette" "--remote-debugging-port" "51029" "--remote-allow-hosts" "localhost" "-no-remote" "-profile" "C:\\Users\\Kyurre\\AppData\\Local\\Temp\\rust_mozprofilekRgoxD"
1668014110670	Marionette	INFO	Marionette enabled
1668014110674	Marionette	INFO	Listening on port 51040
WebDriver BiDi listening on ws://127.0.0.1:51029
Read port: 51040
1668014110871	RemoteAgent	WARN	TLS certificate errors will be ignored for this session
console.warn: SearchSettings: "get: No settings file exists, new profile?" (new NotFoundError("Could not open the file at C:\\Users\\Kyurre\\AppData\\Local\\Temp\\rust_mozprofilekRgoxD\\search.json.mozlz4", (void 0)))
DevTools listening on ws://127.0.0.1:51029/devtools/browser/b57f84dc-4ab0-4b90-a996-b73ab0ca94d2
JavaScript warning: https://www.amazon.com/s?k=gpu&ref=nb_sb_noss_1 line 8454 > injectedScript, line 1: WEBGL_debug_renderer_info is deprecated in Firefox and will be removed. Please use RENDERER.
JavaScript warning: https://www.amazon.com/s?k=gpu&ref=nb_sb_noss_1&page2 line 8772 > injectedScript, line 1: WEBGL_debug_renderer_info is deprecated in Firefox and will be removed. Please use RENDERER.
JavaScript warning: https://www.amazon.com/s?k=gpu&ref=nb_sb_noss_1&page3 line 8451 > injectedScript, line 1: WEBGL_debug_renderer_info is deprecated in Firefox and will be removed. Please use RENDERER.
JavaScript warning: https://www.amazon.com/s?k=gpu&ref=nb_sb_noss_1&page4 line 8311 > injectedScript, line 1: WEBGL_debug_renderer_info is deprecated in Firefox and will be removed. Please use RENDERER.
JavaScript warning: https://www.amazon.com/s?k=gpu&ref=nb_sb_noss_1&page5 line 8327 > injectedScript, line 1: WEBGL_debug_renderer_info is deprecated in Firefox and will be removed. Please use RENDERER.
JavaScript warning: https://www.amazon.com/s?k=gpu&ref=nb_sb_noss_1&page6 line 8012 > injectedScript, line 1: WEBGL_debug_renderer_info is deprecated in Firefox and will be removed. Please use RENDERER.
JavaScript warning: https://www.amazon.com/s?k=gpu&ref=nb_sb_noss_1&page7 line 8691 > injectedScript, line 1: WEBGL_debug_renderer_info is deprecated in Firefox and will be removed. Please use RENDERER.
JavaScript warning: https://www.amazon.com/s?k=gpu&ref=nb_sb_noss_1&page8 line 8187 > injectedScript, line 1: WEBGL_debug_renderer_info is deprecated in Firefox and will be removed. Please use RENDERER.
JavaScript warning: https://www.amazon.com/s?k=gpu&ref=nb_sb_noss_1&page9 line 8691 > injectedScript, line 1: WEBGL_debug_renderer_info is deprecated in Firefox and will be removed. Please use RENDERER.
JavaScript warning: https://www.amazon.com/s?k=gpu&ref=nb_sb_noss_1&page10 line 8311 > injectedScript, line 1: WEBGL_debug_renderer_info is deprecated in Firefox and will be removed. Please use RENDERER.
JavaScript warning: https://www.amazon.com/s?k=gpu&ref=nb_sb_noss_1&page11 line 8036 > injectedScript, line 1: WEBGL_debug_renderer_info is deprecated in Firefox and will be removed. Please use RENDERER.
JavaScript warning: https://www.amazon.com/s?k=gpu&ref=nb_sb_noss_1 line 8451 > injectedScript, line 1: WEBGL_debug_renderer_info is deprecated in Firefox and will be removed. Please use RENDERER.
JavaScript warning: https://www.amazon.com/s?k=gpu&ref=nb_sb_noss_1&page13 line 8691 > injectedScript, line 1: WEBGL_debug_renderer_info is deprecated in Firefox and will be removed. Please use RENDERER.
JavaScript warning: https://www.amazon.com/s?k=gpu&ref=nb_sb_noss_1 line 8624 > injectedScript, line 1: WEBGL_debug_renderer_info is deprecated in Firefox and will be removed. Please use RENDERER.
JavaScript warning: https://www.amazon.com/s?k=gpu&ref=nb_sb_noss_1&page15 line 8508 > injectedScript, line 1: WEBGL_debug_renderer_info is deprecated in Firefox and will be removed. Please use RENDERER.
JavaScript warning: https://www.amazon.com/s?k=gpu&ref=nb_sb_noss_1 line 8473 > injectedScript, line 1: WEBGL_debug_renderer_info is deprecated in Firefox and will be removed. Please use RENDERER.
JavaScript warning: https://www.amazon.com/s?k=gpu&ref=nb_sb_noss_1 line 8522 > injectedScript, line 1: WEBGL_debug_renderer_info is deprecated in Firefox and will be removed. Please use RENDERER.
JavaScript warning: https://www.amazon.com/s?k=gpu&ref=nb_sb_noss_1&page18 line 8691 > injectedScript, line 1: WEBGL_debug_renderer_info is deprecated in Firefox and will be removed. Please use RENDERER.
JavaScript warning: https://www.amazon.com/s?k=gpu&ref=nb_sb_noss_1&page19 line 8071 > injectedScript, line 1: WEBGL_debug_renderer_info is deprecated in Firefox and will be removed. Please use RENDERER.
JavaScript warning: https://www.amazon.com/s?k=gpu&ref=nb_sb_noss_1&page20 line 8763 > injectedScript, line 1: WEBGL_debug_renderer_info is deprecated in Firefox and will be removed. Please use RENDERER.
1668014143188	Marionette	INFO	Stopped listening on port 51040
JavaScript error: resource://services-settings/RemoteSettingsWorker.jsm, line 145: Error: Shutdown, aborting read-only worker requests.
